# JRE version: Java(TM) SE Runtime Environment (23.0.2+7) (build 23.0.2+7-58)
# Java VM: Java HotSpot(TM) 64-Bit Server VM (23.0.2+7-58, mixed mode, emulated-client, sharing, tiered, compressed oops, compressed class ptrs, g1 gc, windows-amd64)
GC Precious Log:
 CardTable entry size: 512
 Card Set container configuration: InlinePtr #cards 5 size 8 Array Of Cards #cards 10 size 36 Howl #buckets 4 coarsen threshold 1843 Howl Bitmap #cards 512 size 80 coarsen threshold 460 Card regions per heap region 1 cards per card region 2048
 CPUs: 8 total, 8 available
 Memory: 5877M
 Large Page Support: Disabled
 NUMA Support: Disabled
 Compressed Oops: Enabled (32-bit)
 Heap Region Size: 1M
 Heap Min Capacity: 8M
 Heap Initial Capacity: 92M
 Heap Max Capacity: 1470M
 Pre-touch: Disabled
 Parallel Workers: 8
 Concurrent Workers: 2
 Concurrent Refinement Workers: 8
 Periodic GC: Disabled
Heap:
 garbage-first heap   total reserved 1505280K, committed 94208K, used 46488K [0x00000000a4200000, 0x0000000100000000)
  region size 1024K, 3 young (3072K), 3 survivors (3072K)
 Metaspace       used 67042K, committed 67648K, reserved 1114112K
  class space    used 9969K, committed 10240K, reserved 1048576K
GC Heap History (20 events):
Event: 13.650 GC heap after
{Heap after GC invocations=8 (full 0):
 garbage-first heap   total reserved 1505280K, committed 78848K, used 28037K [0x00000000a4200000, 0x0000000100000000)
  region size 1024K, 3 young (3072K), 3 survivors (3072K)
 Metaspace       used 30656K, committed 31168K, reserved 1114112K
  class space    used 4259K, committed 4480K, reserved 1048576K
}
Event: 14.849 GC heap before
{Heap before GC invocations=8 (full 0):
 garbage-first heap   total reserved 1505280K, committed 78848K, used 54661K [0x00000000a4200000, 0x0000000100000000)
  region size 1024K, 30 young (30720K), 3 survivors (3072K)
 Metaspace       used 35510K, committed 35968K, reserved 1114112K
  class space    used 4985K, committed 5184K, reserved 1048576K
}
Event: 14.859 GC heap after
{Heap after GC invocations=9 (full 0):
 garbage-first heap   total reserved 1505280K, committed 78848K, used 29606K [0x00000000a4200000, 0x0000000100000000)
  region size 1024K, 2 young (2048K), 2 survivors (2048K)
 Metaspace       used 35510K, committed 35968K, reserved 1114112K
  class space    used 4985K, committed 5184K, reserved 1048576K
}
Event: 20.487 GC heap before
{Heap before GC invocations=10 (full 0):
 garbage-first heap   total reserved 1505280K, committed 78848K, used 64422K [0x00000000a4200000, 0x0000000100000000)
  region size 1024K, 37 young (37888K), 2 survivors (2048K)
 Metaspace       used 46023K, committed 46592K, reserved 1114112K
  class space    used 6473K, committed 6720K, reserved 1048576K
}
Event: 20.499 GC heap after
{Heap after GC invocations=11 (full 0):
 garbage-first heap   total reserved 1505280K, committed 78848K, used 31686K [0x00000000a4200000, 0x0000000100000000)
  region size 1024K, 4 young (4096K), 4 survivors (4096K)
 Metaspace       used 46023K, committed 46592K, reserved 1114112K
  class space    used 6473K, committed 6720K, reserved 1048576K
}
Event: 23.436 GC heap before
{Heap before GC invocations=11 (full 0):
 garbage-first heap   total reserved 1505280K, committed 78848K, used 66502K [0x00000000a4200000, 0x0000000100000000)
  region size 1024K, 38 young (38912K), 4 survivors (4096K)
 Metaspace       used 53320K, committed 53888K, reserved 1114112K
  class space    used 7528K, committed 7808K, reserved 1048576K
}
Event: 23.451 GC heap after
{Heap after GC invocations=12 (full 0):
 garbage-first heap   total reserved 1505280K, committed 78848K, used 33087K [0x00000000a4200000, 0x0000000100000000)
  region size 1024K, 5 young (5120K), 5 survivors (5120K)
 Metaspace       used 53320K, committed 53888K, reserved 1114112K
  class space    used 7528K, committed 7808K, reserved 1048576K
}
Event: 25.733 GC heap before
{Heap before GC invocations=12 (full 0):
 garbage-first heap   total reserved 1505280K, committed 78848K, used 67903K [0x00000000a4200000, 0x0000000100000000)
  region size 1024K, 39 young (39936K), 5 survivors (5120K)
 Metaspace       used 57033K, committed 57664K, reserved 1114112K
  class space    used 8219K, committed 8512K, reserved 1048576K
}
Event: 25.747 GC heap after
{Heap after GC invocations=13 (full 0):
 garbage-first heap   total reserved 1505280K, committed 78848K, used 33923K [0x00000000a4200000, 0x0000000100000000)
  region size 1024K, 3 young (3072K), 3 survivors (3072K)
 Metaspace       used 57033K, committed 57664K, reserved 1114112K
  class space    used 8219K, committed 8512K, reserved 1048576K
}
Event: 27.417 GC heap before
{Heap before GC invocations=13 (full 0):
 garbage-first heap   total reserved 1505280K, committed 78848K, used 51331K [0x00000000a4200000, 0x0000000100000000)
  region size 1024K, 21 young (21504K), 3 survivors (3072K)
 Metaspace       used 59667K, committed 60288K, reserved 1114112K
  class space    used 8600K, committed 8896K, reserved 1048576K
}
Event: 27.425 GC heap after
{Heap after GC invocations=14 (full 0):
 garbage-first heap   total reserved 1505280K, committed 78848K, used 35059K [0x00000000a4200000, 0x0000000100000000)
  region size 1024K, 4 young (4096K), 4 survivors (4096K)
 Metaspace       used 59667K, committed 60288K, reserved 1114112K
  class space    used 8600K, committed 8896K, reserved 1048576K
}
Event: 28.785 GC heap before
{Heap before GC invocations=15 (full 0):
 garbage-first heap   total reserved 1505280K, committed 78848K, used 68851K [0x00000000a4200000, 0x0000000100000000)
  region size 1024K, 37 young (37888K), 4 survivors (4096K)
 Metaspace       used 64698K, committed 65280K, reserved 1114112K
  class space    used 9609K, committed 9856K, reserved 1048576K
}
Event: 28.799 GC heap after
{Heap after GC invocations=16 (full 0):
 garbage-first heap   total reserved 1505280K, committed 78848K, used 37888K [0x00000000a4200000, 0x0000000100000000)
  region size 1024K, 5 young (5120K), 5 survivors (5120K)
 Metaspace       used 64698K, committed 65280K, reserved 1114112K
  class space    used 9609K, committed 9856K, reserved 1048576K
}
Event: 29.265 GC heap before
{Heap before GC invocations=16 (full 0):
 garbage-first heap   total reserved 1505280K, committed 78848K, used 68608K [0x00000000a4200000, 0x0000000100000000)
  region size 1024K, 35 young (35840K), 5 survivors (5120K)
 Metaspace       used 66874K, committed 67456K, reserved 1114112K
  class space    used 9913K, committed 10176K, reserved 1048576K
}
Event: 29.280 GC heap after
{Heap after GC invocations=17 (full 0):
 garbage-first heap   total reserved 1505280K, committed 78848K, used 38967K [0x00000000a4200000, 0x0000000100000000)
  region size 1024K, 2 young (2048K), 2 survivors (2048K)
 Metaspace       used 66874K, committed 67456K, reserved 1114112K
  class space    used 9913K, committed 10176K, reserved 1048576K
}
Event: 29.416 GC heap before
{Heap before GC invocations=17 (full 0):
 garbage-first heap   total reserved 1505280K, committed 78848K, used 70711K [0x00000000a4200000, 0x0000000100000000)
  region size 1024K, 33 young (33792K), 2 survivors (2048K)
 Metaspace       used 66956K, committed 67584K, reserved 1114112K
  class space    used 9939K, committed 10240K, reserved 1048576K
}
Event: 29.428 GC heap after
{Heap after GC invocations=18 (full 0):
 garbage-first heap   total reserved 1505280K, committed 78848K, used 43008K [0x00000000a4200000, 0x0000000100000000)
  region size 1024K, 5 young (5120K), 5 survivors (5120K)
 Metaspace       used 66956K, committed 67584K, reserved 1114112K
  class space    used 9939K, committed 10240K, reserved 1048576K
}
Event: 29.573 GC heap before
{Heap before GC invocations=19 (full 0):
 garbage-first heap   total reserved 1505280K, committed 78848K, used 68608K [0x00000000a4200000, 0x0000000100000000)
  region size 1024K, 30 young (30720K), 5 survivors (5120K)
 Metaspace       used 67007K, committed 67648K, reserved 1114112K
  class space    used 9958K, committed 10240K, reserved 1048576K
}
Event: 29.584 GC heap after
{Heap after GC invocations=20 (full 0):
 garbage-first heap   total reserved 1505280K, committed 78848K, used 44286K [0x00000000a4200000, 0x0000000100000000)
  region size 1024K, 1 young (1024K), 1 survivors (1024K)
 Metaspace       used 67007K, committed 67648K, reserved 1114112K
  class space    used 9958K, committed 10240K, reserved 1048576K
}
Event: 29.708 GC heap before
{Heap before GC invocations=20 (full 0):
 garbage-first heap   total reserved 1505280K, committed 78848K, used 70910K [0x00000000a4200000, 0x0000000100000000)
  region size 1024K, 27 young (27648K), 1 survivors (1024K)
 Metaspace       used 67042K, committed 67648K, reserved 1114112K
  class space    used 9969K, committed 10240K, reserved 1048576K
}

